ParseStarterProject/build/outputs/logs/manifest-merger-debug-report.txt
-- Merging decision tree log ---
manifest
ADDED from src/main/AndroidManifest.xml:9:1-93:12
INJECTED from src/main/AndroidManifest.xml:9:1-93:12
INJECTED from src/main/AndroidManifest.xml:9:1-93:12
INJECTED from src/main/AndroidManifest.xml:9:1-93:12
MERGED from [com.android.support:design:27.0.2] AndroidManifest.xml:17:1-22:12
MERGED from [com.android.support:appcompat-v7:27.0.2] AndroidManifest.xml:17:1-22:12
MERGED from [com.android.support:support-v4:27.0.2] AndroidManifest.xml:17:1-22:12
MERGED from [com.android.support:recyclerview-v7:27.0.2] AndroidManifest.xml:17:1-22:12
MERGED from [com.splitwise:tokenautocomplete:2.0.8] AndroidManifest.xml:2:1-13:12
MERGED from [com.android.support:support-fragment:27.0.2] AndroidManifest.xml:17:1-22:12
MERGED from [com.android.support:support-core-utils:27.0.2] AndroidManifest.xml:17:1-22:12
MERGED from [com.android.support:animated-vector-drawable:27.0.2] AndroidManifest.xml:17:1-22:12
MERGED from [com.android.support:support-vector-drawable:27.0.2] AndroidManifest.xml:17:1-22:12
MERGED from [com.android.support:support-media-compat:27.0.2] AndroidManifest.xml:17:1-22:12
MERGED from [com.android.support:support-core-ui:27.0.2] AndroidManifest.xml:17:1-22:12
MERGED from [com.android.support:transition:27.0.2] AndroidManifest.xml:17:1-22:12
MERGED from [com.android.support:support-compat:27.0.2] AndroidManifest.xml:17:1-22:12
MERGED from [android.arch.lifecycle:runtime:1.0.3] AndroidManifest.xml:17:1-24:12
INJECTED from src/main/AndroidManifest.xml:9:1-93:12
INJECTED from src/main/AndroidManifest.xml:9:1-93:12
INJECTED from src/main/AndroidManifest.xml:9:1-93:12
	package
		ADDED from src/main/AndroidManifest.xml:10:5-32
		INJECTED from src/main/AndroidManifest.xml
		INJECTED from src/main/AndroidManifest.xml
	android:versionName
		INJECTED from src/main/AndroidManifest.xml
		ADDED from src/main/AndroidManifest.xml:9:1-93:12
		INJECTED from src/main/AndroidManifest.xml
	android:versionCode
		INJECTED from src/main/AndroidManifest.xml
		ADDED from src/main/AndroidManifest.xml:9:1-93:12
		INJECTED from src/main/AndroidManifest.xml
	xmlns:android
		ADDED from src/main/AndroidManifest.xml:9:11-69
uses-feature#0x00020000
ADDED from src/main/AndroidManifest.xml:12:5-14:34
	android:glEsVersion
		ADDED from src/main/AndroidManifest.xml:13:9-41
	android:required
		ADDED from src/main/AndroidManifest.xml:14:9-32
uses-permission#android.permission.INTERNET
ADDED from src/main/AndroidManifest.xml:16:5-67
	android:name
		ADDED from src/main/AndroidManifest.xml:16:22-64
uses-permission#android.permission.ACCESS_NETWORK_STATE
ADDED from src/main/AndroidManifest.xml:17:5-79
	android:name
		ADDED from src/main/AndroidManifest.xml:17:22-76
uses-permission#android.permission.READ_EXTERNAL_STORAGE
ADDED from src/main/AndroidManifest.xml:18:5-80
	android:name
		ADDED from src/main/AndroidManifest.xml:18:22-77
uses-permission#android.permission.WRITE_EXTERNAL_STORAGE
ADDED from src/main/AndroidManifest.xml:19:5-81
	android:name
		ADDED from src/main/AndroidManifest.xml:19:22-78
uses-permission#android.permission.ACCESS_FINE_LOCATION
ADDED from src/main/AndroidManifest.xml:20:5-78
	android:name
		ADDED from src/main/AndroidManifest.xml:20:22-76
application
ADDED from src/main/AndroidManifest.xml:22:5-91:19
MERGED from [com.splitwise:tokenautocomplete:2.0.8] AndroidManifest.xml:11:5-20
MERGED from [com.splitwise:tokenautocomplete:2.0.8] AndroidManifest.xml:11:5-20
	android:label
		ADDED from src/main/AndroidManifest.xml:26:9-41
	android:icon
		ADDED from src/main/AndroidManifest.xml:25:9-43
	android:allowBackup
		ADDED from src/main/AndroidManifest.xml:24:9-35
	android:theme
		ADDED from src/main/AndroidManifest.xml:27:9-40
	android:name
		ADDED from src/main/AndroidManifest.xml:23:9-43
meta-data#com.parse.APPLICATION_ID
ADDED from src/main/AndroidManifest.xml:28:9-30:52
	android:value
		ADDED from src/main/AndroidManifest.xml:30:13-49
	android:name
		ADDED from src/main/AndroidManifest.xml:29:13-52
meta-data#com.parse.CLIENT_KEY
ADDED from src/main/AndroidManifest.xml:31:9-33:56
	android:value
		ADDED from src/main/AndroidManifest.xml:33:13-53
	android:name
		ADDED from src/main/AndroidManifest.xml:32:13-48
activity#com.parse.starter.activity.LoginActivity
ADDED from src/main/AndroidManifest.xml:36:9-45:20
	android:screenOrientation
		ADDED from src/main/AndroidManifest.xml:39:13-49
	android:label
		ADDED from src/main/AndroidManifest.xml:38:13-45
	android:name
		ADDED from src/main/AndroidManifest.xml:37:13-51
intent-filter#action:name:android.intent.action.MAIN+category:name:android.intent.category.LAUNCHER
ADDED from src/main/AndroidManifest.xml:40:13-44:29
action#android.intent.action.MAIN
ADDED from src/main/AndroidManifest.xml:41:17-69
	android:name
		ADDED from src/main/AndroidManifest.xml:41:25-66
category#android.intent.category.LAUNCHER
ADDED from src/main/AndroidManifest.xml:43:17-77
	android:name
		ADDED from src/main/AndroidManifest.xml:43:27-74
activity#com.parse.starter.activity.MainActivity
ADDED from src/main/AndroidManifest.xml:46:9-59
	android:name
		ADDED from src/main/AndroidManifest.xml:46:19-56
activity#com.parse.starter.activity.CadastroActivity
ADDED from src/main/AndroidManifest.xml:47:9-63
	android:name
		ADDED from src/main/AndroidManifest.xml:47:19-60
activity#com.parse.starter.activity.PerfilArtistaActivity
ADDED from src/main/AndroidManifest.xml:48:9-56:20
	android:parentActivityName
		ADDED from src/main/AndroidManifest.xml:51:13-64
	android:label
		ADDED from src/main/AndroidManifest.xml:50:13-66
	android:theme
		ADDED from src/main/AndroidManifest.xml:52:13-44
	android:name
		ADDED from src/main/AndroidManifest.xml:49:13-59
meta-data#android.support.PARENT_ACTIVITY
ADDED from src/main/AndroidManifest.xml:53:13-55:75
	android:value
		ADDED from src/main/AndroidManifest.xml:55:17-72
	android:name
		ADDED from src/main/AndroidManifest.xml:54:17-63
activity#com.parse.starter.activity.PerfilConfigArtistaActivity
ADDED from src/main/AndroidManifest.xml:57:9-65:20
	android:parentActivityName
		ADDED from src/main/AndroidManifest.xml:60:13-64
	android:label
		ADDED from src/main/AndroidManifest.xml:59:13-73
	android:theme
		ADDED from src/main/AndroidManifest.xml:61:13-44
	android:name
		ADDED from src/main/AndroidManifest.xml:58:13-65
activity#com.parse.starter.activity.PerfilConfigEventoActivity
ADDED from src/main/AndroidManifest.xml:66:9-74:20
	android:parentActivityName
		ADDED from src/main/AndroidManifest.xml:69:13-64
	android:label
		ADDED from src/main/AndroidManifest.xml:68:13-72
	android:theme
		ADDED from src/main/AndroidManifest.xml:70:13-44
	android:name
		ADDED from src/main/AndroidManifest.xml:67:13-64
activity#com.parse.starter.activity.PerfilEventoActivity
ADDED from src/main/AndroidManifest.xml:75:9-83:20
	android:parentActivityName
		ADDED from src/main/AndroidManifest.xml:78:13-64
	android:label
		ADDED from src/main/AndroidManifest.xml:77:13-65
	android:theme
		ADDED from src/main/AndroidManifest.xml:79:13-44
	android:name
		ADDED from src/main/AndroidManifest.xml:76:13-58
activity#com.parse.starter.activity.WebViewArtistaActivity
ADDED from src/main/AndroidManifest.xml:84:9-90:20
	android:parentActivityName
		ADDED from src/main/AndroidManifest.xml:85:13-64
	android:theme
		ADDED from src/main/AndroidManifest.xml:86:13-44
	android:name
		ADDED from src/main/AndroidManifest.xml:84:19-66
uses-sdk
INJECTED from src/main/AndroidManifest.xml reason: use-sdk injection requested
INJECTED from src/main/AndroidManifest.xml
INJECTED from src/main/AndroidManifest.xml
MERGED from [com.android.support:design:27.0.2] AndroidManifest.xml:20:5-44
MERGED from [com.android.support:design:27.0.2] AndroidManifest.xml:20:5-44
MERGED from [com.android.support:appcompat-v7:27.0.2] AndroidManifest.xml:20:5-44
MERGED from [com.android.support:appcompat-v7:27.0.2] AndroidManifest.xml:20:5-44
MERGED from [com.android.support:support-v4:27.0.2] AndroidManifest.xml:20:5-44
MERGED from [com.android.support:support-v4:27.0.2] AndroidManifest.xml:20:5-44
MERGED from [com.android.support:recyclerview-v7:27.0.2] AndroidManifest.xml:20:5-44
MERGED from [com.android.support:recyclerview-v7:27.0.2] AndroidManifest.xml:20:5-44
MERGED from [com.splitwise:tokenautocomplete:2.0.8] AndroidManifest.xml:7:5-9:41
MERGED from [com.splitwise:tokenautocomplete:2.0.8] AndroidManifest.xml:7:5-9:41
MERGED from [com.android.support:support-fragment:27.0.2] AndroidManifest.xml:20:5-44
MERGED from [com.android.support:support-fragment:27.0.2] AndroidManifest.xml:20:5-44
MERGED from [com.android.support:support-core-utils:27.0.2] AndroidManifest.xml:20:5-44
MERGED from [com.android.support:support-core-utils:27.0.2] AndroidManifest.xml:20:5-44
MERGED from [com.android.support:animated-vector-drawable:27.0.2] AndroidManifest.xml:20:5-44
MERGED from [com.android.support:animated-vector-drawable:27.0.2] AndroidManifest.xml:20:5-44
MERGED from [com.android.support:support-vector-drawable:27.0.2] AndroidManifest.xml:20:5-44
MERGED from [com.android.support:support-vector-drawable:27.0.2] AndroidManifest.xml:20:5-44
MERGED from [com.android.support:support-media-compat:27.0.2] AndroidManifest.xml:20:5-44
MERGED from [com.android.support:support-media-compat:27.0.2] AndroidManifest.xml:20:5-44
MERGED from [com.android.support:support-core-ui:27.0.2] AndroidManifest.xml:20:5-44
MERGED from [com.android.support:support-core-ui:27.0.2] AndroidManifest.xml:20:5-44
MERGED from [com.android.support:transition:27.0.2] AndroidManifest.xml:20:5-44
MERGED from [com.android.support:transition:27.0.2] AndroidManifest.xml:20:5-44
MERGED from [com.android.support:support-compat:27.0.2] AndroidManifest.xml:20:5-44
MERGED from [com.android.support:support-compat:27.0.2] AndroidManifest.xml:20:5-44
MERGED from [android.arch.lifecycle:runtime:1.0.3] AndroidManifest.xml:20:5-22:41
MERGED from [android.arch.lifecycle:runtime:1.0.3] AndroidManifest.xml:20:5-22:41
INJECTED from src/main/AndroidManifest.xml
INJECTED from src/main/AndroidManifest.xml
	android:targetSdkVersion
		INJECTED from src/main/AndroidManifest.xml
		ADDED from src/main/AndroidManifest.xml
		INJECTED from src/main/AndroidManifest.xml
	android:minSdkVersion
		INJECTED from src/main/AndroidManifest.xml
		ADDED from src/main/AndroidManifest.xml
		INJECTED from src/main/AndroidManifest.xml